  WinMouse.cpp
D:\Github_cs_learn\Window_programming\window_01\WinMouse\WinMouse.cpp(10,18): warning C4477: “sprintf”: 格式字符串“%d”需要类型“int”的参数，但可变参数 1 拥有了类型“WPARAM”
D:\Github_cs_learn\Window_programming\window_01\WinMouse\WinMouse.cpp(10,18): message : 请考虑在格式字符串中使用“%lld”
D:\Github_cs_learn\Window_programming\window_01\WinMouse\WinMouse.cpp(10,18): message : 请考虑在格式字符串中使用“%Id”
D:\Github_cs_learn\Window_programming\window_01\WinMouse\WinMouse.cpp(10,18): message : 请考虑在格式字符串中使用“%I64d”
D:\Github_cs_learn\Window_programming\window_01\WinMouse\WinMouse.cpp(11,60): warning C4267: “参数”: 从“size_t”转换到“DWORD”，可能丢失数据
D:\Github_cs_learn\Window_programming\window_01\WinMouse\WinMouse.cpp(17,18): warning C4477: “sprintf”: 格式字符串“%d”需要类型“int”的参数，但可变参数 1 拥有了类型“WPARAM”
D:\Github_cs_learn\Window_programming\window_01\WinMouse\WinMouse.cpp(17,18): message : 请考虑在格式字符串中使用“%lld”
D:\Github_cs_learn\Window_programming\window_01\WinMouse\WinMouse.cpp(17,18): message : 请考虑在格式字符串中使用“%Id”
D:\Github_cs_learn\Window_programming\window_01\WinMouse\WinMouse.cpp(17,18): message : 请考虑在格式字符串中使用“%I64d”
D:\Github_cs_learn\Window_programming\window_01\WinMouse\WinMouse.cpp(18,60): warning C4267: “参数”: 从“size_t”转换到“DWORD”，可能丢失数据
D:\Github_cs_learn\Window_programming\window_01\WinMouse\WinMouse.cpp(24,18): warning C4477: “sprintf”: 格式字符串“%d”需要类型“int”的参数，但可变参数 1 拥有了类型“WPARAM”
D:\Github_cs_learn\Window_programming\window_01\WinMouse\WinMouse.cpp(24,18): message : 请考虑在格式字符串中使用“%lld”
D:\Github_cs_learn\Window_programming\window_01\WinMouse\WinMouse.cpp(24,18): message : 请考虑在格式字符串中使用“%Id”
D:\Github_cs_learn\Window_programming\window_01\WinMouse\WinMouse.cpp(24,18): message : 请考虑在格式字符串中使用“%I64d”
D:\Github_cs_learn\Window_programming\window_01\WinMouse\WinMouse.cpp(31,60): warning C4267: “参数”: 从“size_t”转换到“DWORD”，可能丢失数据
D:\Github_cs_learn\Window_programming\window_01\WinMouse\WinMouse.cpp(38,18): warning C4477: “sprintf”: 格式字符串“%d”需要类型“int”的参数，但可变参数 1 拥有了类型“WPARAM”
D:\Github_cs_learn\Window_programming\window_01\WinMouse\WinMouse.cpp(38,18): message : 请考虑在格式字符串中使用“%lld”
D:\Github_cs_learn\Window_programming\window_01\WinMouse\WinMouse.cpp(38,18): message : 请考虑在格式字符串中使用“%Id”
D:\Github_cs_learn\Window_programming\window_01\WinMouse\WinMouse.cpp(38,18): message : 请考虑在格式字符串中使用“%I64d”
D:\Github_cs_learn\Window_programming\window_01\WinMouse\WinMouse.cpp(38,57): warning C4474: sprintf: 格式字符串中传递的参数太多
D:\Github_cs_learn\Window_programming\window_01\WinMouse\WinMouse.cpp(38,57): message : 占位符和其参数预计 1 可变参数，但提供的却是 2 参数
D:\Github_cs_learn\Window_programming\window_01\WinMouse\WinMouse.cpp(39,60): warning C4267: “参数”: 从“size_t”转换到“DWORD”，可能丢失数据
D:\Github_cs_learn\Window_programming\window_01\WinMouse\WinMouse.cpp(75,63): warning C4267: “参数”: 从“size_t”转换到“DWORD”，可能丢失数据
  WinMouse.vcxproj -> D:\Github_cs_learn\Window_programming\window_01\x64\Debug\WinMouse.exe
