  WinKey.cpp
D:\Github_cs_learn\Window_programming\window_01\WInKey\WinKey.cpp(9,18): warning C4477: “sprintf”: 格式字符串“%d”需要类型“int”的参数，但可变参数 1 拥有了类型“WPARAM”
D:\Github_cs_learn\Window_programming\window_01\WInKey\WinKey.cpp(9,18): message : 请考虑在格式字符串中使用“%lld”
D:\Github_cs_learn\Window_programming\window_01\WInKey\WinKey.cpp(9,18): message : 请考虑在格式字符串中使用“%Id”
D:\Github_cs_learn\Window_programming\window_01\WInKey\WinKey.cpp(9,18): message : 请考虑在格式字符串中使用“%I64d”
D:\Github_cs_learn\Window_programming\window_01\WInKey\WinKey.cpp(10,58): warning C4267: “参数”: 从“size_t”转换到“DWORD”，可能丢失数据
D:\Github_cs_learn\Window_programming\window_01\WInKey\WinKey.cpp(16,18): warning C4477: “sprintf”: 格式字符串“%d”需要类型“int”的参数，但可变参数 1 拥有了类型“WPARAM”
D:\Github_cs_learn\Window_programming\window_01\WInKey\WinKey.cpp(16,18): message : 请考虑在格式字符串中使用“%lld”
D:\Github_cs_learn\Window_programming\window_01\WInKey\WinKey.cpp(16,18): message : 请考虑在格式字符串中使用“%Id”
D:\Github_cs_learn\Window_programming\window_01\WInKey\WinKey.cpp(16,18): message : 请考虑在格式字符串中使用“%I64d”
D:\Github_cs_learn\Window_programming\window_01\WInKey\WinKey.cpp(17,60): warning C4267: “参数”: 从“size_t”转换到“DWORD”，可能丢失数据
D:\Github_cs_learn\Window_programming\window_01\WInKey\WinKey.cpp(23,18): warning C4477: “sprintf”: 格式字符串“%d”需要类型“int”的参数，但可变参数 1 拥有了类型“WPARAM”
D:\Github_cs_learn\Window_programming\window_01\WInKey\WinKey.cpp(23,18): message : 请考虑在格式字符串中使用“%lld”
D:\Github_cs_learn\Window_programming\window_01\WInKey\WinKey.cpp(23,18): message : 请考虑在格式字符串中使用“%Id”
D:\Github_cs_learn\Window_programming\window_01\WInKey\WinKey.cpp(23,18): message : 请考虑在格式字符串中使用“%I64d”
D:\Github_cs_learn\Window_programming\window_01\WInKey\WinKey.cpp(24,60): warning C4267: “参数”: 从“size_t”转换到“DWORD”，可能丢失数据
D:\Github_cs_learn\Window_programming\window_01\WInKey\WinKey.cpp(30,18): warning C4477: “sprintf”: 格式字符串“%d”需要类型“int”的参数，但可变参数 1 拥有了类型“WPARAM”
D:\Github_cs_learn\Window_programming\window_01\WInKey\WinKey.cpp(30,18): message : 请考虑在格式字符串中使用“%lld”
D:\Github_cs_learn\Window_programming\window_01\WInKey\WinKey.cpp(30,18): message : 请考虑在格式字符串中使用“%Id”
D:\Github_cs_learn\Window_programming\window_01\WInKey\WinKey.cpp(30,18): message : 请考虑在格式字符串中使用“%I64d”
D:\Github_cs_learn\Window_programming\window_01\WInKey\WinKey.cpp(31,60): warning C4267: “参数”: 从“size_t”转换到“DWORD”，可能丢失数据
D:\Github_cs_learn\Window_programming\window_01\WInKey\WinKey.cpp(64,63): warning C4267: “参数”: 从“size_t”转换到“DWORD”，可能丢失数据
  WInKey.vcxproj -> D:\Github_cs_learn\Window_programming\window_01\x64\Debug\WinKey.exe
